-------------------------------------------------------------------------------
Test set: DemoTest
-------------------------------------------------------------------------------
Tests run: 1, Failures: 1, Errors: 0, Skipped: 0, Time elapsed: 0.242 s <<< FAILURE! - in DemoTest
TestDemo(DemoTest)  Time elapsed: 0.029 s  <<< FAILURE!
java.lang.AssertionError
	at DemoTest.TestDemo(DemoTest.java:10)

