<?xml version="1.0" encoding="UTF-8"?>
<testsuite xmlns:xsi="http://www.w3.org/2001/XMLSchema-instance" xsi:noNamespaceSchemaLocation="https://maven.apache.org/surefire/maven-surefire-plugin/xsd/surefire-test-report.xsd" name="DemoTest" time="0.242" tests="1" errors="0" skipped="0" failures="1">
  <properties>
[...]
</properties>
  <testcase name="TestDemo" classname="DemoTest" time="0.029">
    <failure type="java.lang.AssertionError">java.lang.AssertionError
	at DemoTest.TestDemo(DemoTest.java:10)
</failure>
  </testcase>
</testsuite>